2023-08-06 15:58:35 Oriaweather startar.
2023-08-06 15:58:35 Väntar på Openweather.com
2023-08-06 15:58:56 Filen: E:\Onedrive\Astronomi\Utveckling\Väder\Oriaweather\Weatherfile\RoofStatusFile.txt öppnad ua.
2023-08-06 15:58:57 Vädret uppdaterat
2023-08-06 15:58:57 45144.665942963 weatherfile.txt
2023-08-06 15:58:57 Filen: E:\Onedrive\Astronomi\Utveckling\Väder\Oriaweather\Weatherfile\RoofStatusFile.txt öppnad ua.
2023-08-06 15:58:58 Vädret uppdaterat
2023-08-06 15:58:58 45144.6659490972 weatherfile.txt
2023-08-06 15:59:05 Filen: E:\Onedrive\Astronomi\Utveckling\Väder\Oriaweather\Weatherfile\RoofStatusFile.txt öppnad ua.
2023-08-06 15:59:06 Vädret uppdaterat
2023-08-06 15:59:06 45144.6660448264 weatherfile.txt
2023-08-06 15:59:20 Filen: E:\Onedrive\Astronomi\Utveckling\Väder\Oriaweather\Weatherfile\RoofStatusFile.txt öppnad ua.
2023-08-06 15:59:21 Vädret uppdaterat
2023-08-06 15:59:21 45144.6662185764 weatherfile.txt
2023-08-06 15:59:35 Filen: E:\Onedrive\Astronomi\Utveckling\Väder\Oriaweather\Weatherfile\RoofStatusFile.txt öppnad ua.
2023-08-06 15:59:36 Vädret uppdaterat
2023-08-06 15:59:36 45144.6663921643 weatherfile.txt
2023-08-06 15:59:43 Oriaweather avslutas.
2023-08-06 15:59:52 LogLevel : 3
2023-08-06 15:59:52 Oriaweather startar.
2023-08-06 15:59:53 Väntar på Openweather.com
2023-08-06 16:00:35 Filen: E:\Onedrive\Astronomi\Utveckling\Väder\Oriaweather\Weatherfile\RoofStatusFile.txt öppnad ua.
2023-08-06 16:00:35 Vädret uppdaterat
2023-08-06 16:00:35 45144.6670803588 weatherfile.txt
2023-08-06 16:00:35 Filen: E:\Onedrive\Astronomi\Utveckling\Väder\Oriaweather\Weatherfile\RoofStatusFile.txt öppnad ua.
2023-08-06 16:00:36 Vädret uppdaterat
2023-08-06 16:00:36 45144.6670866667 weatherfile.txt
2023-08-06 16:00:37 Filen: E:\Onedrive\Astronomi\Utveckling\Väder\Oriaweather\Weatherfile\RoofStatusFile.txt öppnad ua.
2023-08-06 16:00:38 Vädret uppdaterat
2023-08-06 16:00:38 45144.6671114005 weatherfile.txt
2023-08-06 16:00:52 Filen: E:\Onedrive\Astronomi\Utveckling\Väder\Oriaweather\Weatherfile\RoofStatusFile.txt öppnad ua.
2023-08-06 16:00:53 Vädret uppdaterat
2023-08-06 16:00:53 45144.6672851852 weatherfile.txt
2023-08-06 16:01:07 Filen: E:\Onedrive\Astronomi\Utveckling\Väder\Oriaweather\Weatherfile\RoofStatusFile.txt öppnad ua.
2023-08-06 16:01:08 Vädret uppdaterat
2023-08-06 16:01:08 45144.667458669 weatherfile.txt
2023-08-06 16:01:22 Filen: E:\Onedrive\Astronomi\Utveckling\Väder\Oriaweather\Weatherfile\RoofStatusFile.txt öppnad ua.
2023-08-06 16:01:23 Vädret uppdaterat
2023-08-06 16:01:23 45144.6676321296 weatherfile.txt
2023-08-06 16:01:37 Filen: E:\Onedrive\Astronomi\Utveckling\Väder\Oriaweather\Weatherfile\RoofStatusFile.txt öppnad ua.
2023-08-06 16:01:38 Vädret uppdaterat
2023-08-06 16:01:38 45144.6678059028 weatherfile.txt
2023-08-06 16:01:52 Filen: E:\Onedrive\Astronomi\Utveckling\Väder\Oriaweather\Weatherfile\RoofStatusFile.txt öppnad ua.
2023-08-06 16:01:53 Vädret uppdaterat
2023-08-06 16:01:53 45144.6679795486 weatherfile.txt
2023-08-06 16:02:07 Filen: E:\Onedrive\Astronomi\Utveckling\Väder\Oriaweather\Weatherfile\RoofStatusFile.txt öppnad ua.
2023-08-06 16:02:08 Vädret uppdaterat
2023-08-06 16:02:08 45144.6681529977 weatherfile.txt
2023-08-06 16:02:22 Filen: E:\Onedrive\Astronomi\Utveckling\Väder\Oriaweather\Weatherfile\RoofStatusFile.txt öppnad ua.
2023-08-06 16:02:23 Vädret uppdaterat
2023-08-06 16:02:23 45144.6683268519 weatherfile.txt
2023-08-06 16:02:37 Filen: E:\Onedrive\Astronomi\Utveckling\Väder\Oriaweather\Weatherfile\RoofStatusFile.txt öppnad ua.
2023-08-06 16:02:38 Vädret uppdaterat
2023-08-06 16:02:38 45144.6685003241 weatherfile.txt
2023-08-06 16:02:52 Filen: E:\Onedrive\Astronomi\Utveckling\Väder\Oriaweather\Weatherfile\RoofStatusFile.txt öppnad ua.
2023-08-06 16:02:53 Vädret uppdaterat
2023-08-06 16:02:53 45144.6686738657 weatherfile.txt
2023-08-06 16:03:07 Filen: E:\Onedrive\Astronomi\Utveckling\Väder\Oriaweather\Weatherfile\RoofStatusFile.txt öppnad ua.
2023-08-06 16:03:08 Vädret uppdaterat
2023-08-06 16:03:08 45144.6688476736 weatherfile.txt
2023-08-06 16:03:22 Filen: E:\Onedrive\Astronomi\Utveckling\Väder\Oriaweather\Weatherfile\RoofStatusFile.txt öppnad ua.
2023-08-06 16:03:23 Vädret uppdaterat
2023-08-06 16:03:23 45144.6690213194 weatherfile.txt
2023-08-06 16:03:37 Filen: E:\Onedrive\Astronomi\Utveckling\Väder\Oriaweather\Weatherfile\RoofStatusFile.txt öppnad ua.
2023-08-06 16:03:38 Vädret uppdaterat
2023-08-06 16:03:38 45144.6691948727 weatherfile.txt
2023-08-06 16:03:52 Filen: E:\Onedrive\Astronomi\Utveckling\Väder\Oriaweather\Weatherfile\RoofStatusFile.txt öppnad ua.
2023-08-06 16:03:53 Vädret uppdaterat
2023-08-06 16:03:53 45144.6693683912 weatherfile.txt
2023-08-06 17:51:38 Oriaweather startar.
2023-08-06 17:51:38 LogLevel : 3
2023-08-06 17:51:38 Väntar på Openweather.com
2023-08-06 17:51:38 Filen: E:\Onedrive\Astronomi\Utveckling\Väder\Oriaweather\Weatherfile\RoofStatusFile.txt öppnad ua.
2023-08-06 17:51:39 Vädret uppdaterat
2023-08-06 17:51:39 45144.7442062269 weatherfile.txt
2023-08-06 17:51:53 Filen: E:\Onedrive\Astronomi\Utveckling\Väder\Oriaweather\Weatherfile\RoofStatusFile.txt öppnad ua.
2023-08-06 17:51:54 Vädret uppdaterat
2023-08-06 17:51:54 45144.7443759954 weatherfile.txt
2023-08-06 17:52:08 Filen: E:\Onedrive\Astronomi\Utveckling\Väder\Oriaweather\Weatherfile\RoofStatusFile.txt öppnad ua.
2023-08-06 17:52:09 Vädret uppdaterat
2023-08-06 17:52:09 45144.7445493287 weatherfile.txt
2023-08-06 17:52:12 Oriaweather avslutas.
