2023-08-06 15:58:35 Oriaweather startar.
2023-08-06 15:58:35 Väntar på Openweather.com
2023-08-06 15:58:56 Filen: E:\Onedrive\Astronomi\Utveckling\Väder\Oriaweather\Weatherfile\RoofStatusFile.txt öppnad ua.
2023-08-06 15:58:57 Vädret uppdaterat
2023-08-06 15:58:57 45144.665942963 weatherfile.txt
2023-08-06 15:58:57 Filen: E:\Onedrive\Astronomi\Utveckling\Väder\Oriaweather\Weatherfile\RoofStatusFile.txt öppnad ua.
2023-08-06 15:58:58 Vädret uppdaterat
2023-08-06 15:58:58 45144.6659490972 weatherfile.txt
2023-08-06 15:59:05 Filen: E:\Onedrive\Astronomi\Utveckling\Väder\Oriaweather\Weatherfile\RoofStatusFile.txt öppnad ua.
2023-08-06 15:59:06 Vädret uppdaterat
2023-08-06 15:59:06 45144.6660448264 weatherfile.txt
2023-08-06 15:59:20 Filen: E:\Onedrive\Astronomi\Utveckling\Väder\Oriaweather\Weatherfile\RoofStatusFile.txt öppnad ua.
2023-08-06 15:59:21 Vädret uppdaterat
2023-08-06 15:59:21 45144.6662185764 weatherfile.txt
2023-08-06 15:59:35 Filen: E:\Onedrive\Astronomi\Utveckling\Väder\Oriaweather\Weatherfile\RoofStatusFile.txt öppnad ua.
2023-08-06 15:59:36 Vädret uppdaterat
2023-08-06 15:59:36 45144.6663921643 weatherfile.txt
2023-08-06 15:59:43 Oriaweather avslutas.
2023-08-06 15:59:52 LogLevel : 3
2023-08-06 15:59:52 Oriaweather startar.
2023-08-06 15:59:53 Väntar på Openweather.com
2023-08-06 16:00:35 Filen: E:\Onedrive\Astronomi\Utveckling\Väder\Oriaweather\Weatherfile\RoofStatusFile.txt öppnad ua.
2023-08-06 16:00:35 Vädret uppdaterat
2023-08-06 16:00:35 45144.6670803588 weatherfile.txt
2023-08-06 16:00:35 Filen: E:\Onedrive\Astronomi\Utveckling\Väder\Oriaweather\Weatherfile\RoofStatusFile.txt öppnad ua.
2023-08-06 16:00:36 Vädret uppdaterat
2023-08-06 16:00:36 45144.6670866667 weatherfile.txt
2023-08-06 16:00:37 Filen: E:\Onedrive\Astronomi\Utveckling\Väder\Oriaweather\Weatherfile\RoofStatusFile.txt öppnad ua.
2023-08-06 16:00:38 Vädret uppdaterat
2023-08-06 16:00:38 45144.6671114005 weatherfile.txt
2023-08-06 16:00:52 Filen: E:\Onedrive\Astronomi\Utveckling\Väder\Oriaweather\Weatherfile\RoofStatusFile.txt öppnad ua.
2023-08-06 16:00:53 Vädret uppdaterat
2023-08-06 16:00:53 45144.6672851852 weatherfile.txt
2023-08-06 16:01:07 Filen: E:\Onedrive\Astronomi\Utveckling\Väder\Oriaweather\Weatherfile\RoofStatusFile.txt öppnad ua.
2023-08-06 16:01:08 Vädret uppdaterat
2023-08-06 16:01:08 45144.667458669 weatherfile.txt
2023-08-06 16:01:22 Filen: E:\Onedrive\Astronomi\Utveckling\Väder\Oriaweather\Weatherfile\RoofStatusFile.txt öppnad ua.
2023-08-06 16:01:23 Vädret uppdaterat
2023-08-06 16:01:23 45144.6676321296 weatherfile.txt
2023-08-06 16:01:37 Filen: E:\Onedrive\Astronomi\Utveckling\Väder\Oriaweather\Weatherfile\RoofStatusFile.txt öppnad ua.
2023-08-06 16:01:38 Vädret uppdaterat
2023-08-06 16:01:38 45144.6678059028 weatherfile.txt
2023-08-06 16:01:52 Filen: E:\Onedrive\Astronomi\Utveckling\Väder\Oriaweather\Weatherfile\RoofStatusFile.txt öppnad ua.
2023-08-06 16:01:53 Vädret uppdaterat
2023-08-06 16:01:53 45144.6679795486 weatherfile.txt
2023-08-06 16:02:07 Filen: E:\Onedrive\Astronomi\Utveckling\Väder\Oriaweather\Weatherfile\RoofStatusFile.txt öppnad ua.
2023-08-06 16:02:08 Vädret uppdaterat
2023-08-06 16:02:08 45144.6681529977 weatherfile.txt
2023-08-06 16:02:22 Filen: E:\Onedrive\Astronomi\Utveckling\Väder\Oriaweather\Weatherfile\RoofStatusFile.txt öppnad ua.
2023-08-06 16:02:23 Vädret uppdaterat
2023-08-06 16:02:23 45144.6683268519 weatherfile.txt
2023-08-06 16:02:37 Filen: E:\Onedrive\Astronomi\Utveckling\Väder\Oriaweather\Weatherfile\RoofStatusFile.txt öppnad ua.
2023-08-06 16:02:38 Vädret uppdaterat
2023-08-06 16:02:38 45144.6685003241 weatherfile.txt
2023-08-06 16:02:52 Filen: E:\Onedrive\Astronomi\Utveckling\Väder\Oriaweather\Weatherfile\RoofStatusFile.txt öppnad ua.
2023-08-06 16:02:53 Vädret uppdaterat
2023-08-06 16:02:53 45144.6686738657 weatherfile.txt
2023-08-06 16:03:07 Filen: E:\Onedrive\Astronomi\Utveckling\Väder\Oriaweather\Weatherfile\RoofStatusFile.txt öppnad ua.
2023-08-06 16:03:08 Vädret uppdaterat
2023-08-06 16:03:08 45144.6688476736 weatherfile.txt
2023-08-06 16:03:22 Filen: E:\Onedrive\Astronomi\Utveckling\Väder\Oriaweather\Weatherfile\RoofStatusFile.txt öppnad ua.
2023-08-06 16:03:23 Vädret uppdaterat
2023-08-06 16:03:23 45144.6690213194 weatherfile.txt
2023-08-06 16:03:37 Filen: E:\Onedrive\Astronomi\Utveckling\Väder\Oriaweather\Weatherfile\RoofStatusFile.txt öppnad ua.
2023-08-06 16:03:38 Vädret uppdaterat
2023-08-06 16:03:38 45144.6691948727 weatherfile.txt
2023-08-06 16:03:52 Filen: E:\Onedrive\Astronomi\Utveckling\Väder\Oriaweather\Weatherfile\RoofStatusFile.txt öppnad ua.
2023-08-06 16:03:53 Vädret uppdaterat
2023-08-06 16:03:53 45144.6693683912 weatherfile.txt
2023-08-07 22:49:53 Oriaweather startar.
2023-08-07 22:49:53 LogLevel : 3
2023-08-07 22:49:56 Väntar på Openweather.com
2023-08-08 14:32:40 Oriaweather startar.
2023-08-08 14:32:40 LogLevel : 3
2023-08-08 14:32:40 Väntar på Openweather.com
2023-08-08 14:32:40 File: E:\Onedrive\Astronomi\Utveckling\Väder\Oriaweather\Weatherfile\RoofStatusFile.txt not found
2023-08-08 14:32:43 Filen: E:\Onedrive\Astronomi\Utveckling\Väder\Oriaweather\Weatherfile\RoofStatusFile.txt kan inte öppnas.
2023-08-08 14:32:43 Vädret uppdaterat
2023-08-08 14:32:43 45146.6060617477 weatherfile.txt
2023-08-08 14:32:55 File: E:\Onedrive\Astronomi\Utveckling\Väder\Oriaweather\Weatherfile\RoofStatusFile.txt not found
2023-08-08 14:32:56 Filen: E:\Onedrive\Astronomi\Utveckling\Väder\Oriaweather\Weatherfile\RoofStatusFile.txt kan inte öppnas.
2023-08-08 14:32:56 Vädret uppdaterat
2023-08-08 14:32:56 45146.6062127546 weatherfile.txt
2023-08-08 14:33:10 File: E:\Onedrive\Astronomi\Utveckling\Väder\Oriaweather\Weatherfile\RoofStatusFile.txt not found
2023-08-08 14:33:12 Filen: E:\Onedrive\Astronomi\Utveckling\Väder\Oriaweather\Weatherfile\RoofStatusFile.txt kan inte öppnas.
2023-08-08 14:33:12 Vädret uppdaterat
2023-08-08 14:33:12 45146.606395787 weatherfile.txt
2023-08-08 14:35:07 Oriaweather startar.
2023-08-08 14:35:07 LogLevel : 3
2023-08-08 14:35:07 Väntar på Openweather.com
2023-08-08 14:35:07 Filen: Y:\Roofstatusfile\RoofStatusFile.txt öppnad ua.
2023-08-08 14:35:08 Vädret uppdaterat
2023-08-08 14:35:08 45146.6077362384 weatherfile.txt
2023-08-08 14:35:22 Filen: Y:\Roofstatusfile\RoofStatusFile.txt öppnad ua.
2023-08-08 14:35:23 Vädret uppdaterat
2023-08-08 14:35:23 45146.6079066667 weatherfile.txt
2023-08-08 14:35:36 Oriaweather avslutas.
2023-08-08 14:35:41 Oriaweather startar.
2023-08-08 14:35:41 LogLevel : 3
2023-08-08 14:35:41 Väntar på Openweather.com
2023-08-08 14:35:42 Filen: Y:\Roofstatusfile\RoofStatusFile.txt öppnad ua.
2023-08-08 14:35:42 Vädret uppdaterat
2023-08-08 14:35:42 45146.6081313079 weatherfile.txt
2023-08-08 14:35:56 Filen: Y:\Roofstatusfile\RoofStatusFile.txt öppnad ua.
2023-08-08 14:35:57 Vädret uppdaterat
2023-08-08 14:35:57 45146.6083027778 weatherfile.txt
2023-08-08 14:36:11 Filen: Y:\Roofstatusfile\RoofStatusFile.txt öppnad ua.
2023-08-08 14:36:12 Vädret uppdaterat
2023-08-08 14:36:12 45146.6084759838 weatherfile.txt
2023-08-08 14:36:26 Filen: Y:\Roofstatusfile\RoofStatusFile.txt öppnad ua.
2023-08-08 14:36:27 Vädret uppdaterat
2023-08-08 14:36:27 45146.6086495602 weatherfile.txt
2023-08-08 14:36:29 Oriaweather avslutas.
2023-08-08 14:39:15 Oriaweather startar.
2023-08-08 14:39:16 LogLevel : 3
2023-08-08 14:39:34 Väntar på Openweather.com
2023-08-08 14:39:34 Filen: Y:\Roofstatusfile\RoofStatusFile.txt öppnad ua.
2023-08-08 14:39:35 Vädret uppdaterat
2023-08-08 14:39:35 45146.6108277199 weatherfile.txt
2023-08-08 14:39:35 Filen: Y:\Roofstatusfile\RoofStatusFile.txt öppnad ua.
2023-08-08 14:39:36 Vädret uppdaterat
2023-08-08 14:39:36 45146.6108341204 weatherfile.txt
2023-08-08 14:39:40 Filen: Y:\Roofstatusfile\RoofStatusFile.txt öppnad ua.
2023-08-08 14:39:40 Vädret uppdaterat
2023-08-08 14:39:40 45146.6108869329 weatherfile.txt
2023-08-08 14:39:55 Filen: Y:\Roofstatusfile\RoofStatusFile.txt öppnad ua.
2023-08-08 14:39:55 Vädret uppdaterat
2023-08-08 14:39:55 45146.6110607292 weatherfile.txt
2023-08-08 14:40:10 Filen: Y:\Roofstatusfile\RoofStatusFile.txt öppnad ua.
2023-08-08 14:40:10 Vädret uppdaterat
2023-08-08 14:40:10 45146.6112339468 weatherfile.txt
2023-08-08 14:40:25 Filen: Y:\Roofstatusfile\RoofStatusFile.txt öppnad ua.
2023-08-08 14:40:25 Vädret uppdaterat
2023-08-08 14:40:25 45146.6114079977 weatherfile.txt
2023-08-08 14:40:40 Filen: Y:\Roofstatusfile\RoofStatusFile.txt öppnad ua.
2023-08-08 14:43:44 Oriaweather startar.
2023-08-08 14:43:44 LogLevel : 3
2023-08-08 14:43:45 Väntar på Openweather.com
2023-08-08 14:43:45 Filen: Y:\Roofstatusfile\RoofStatusFile.txt öppnad ua.
2023-08-08 14:43:45 Vädret uppdaterat
2023-08-08 14:43:45 45146.6137258565 weatherfile.txt
2023-08-08 14:44:00 Filen: Y:\Roofstatusfile\RoofStatusFile.txt öppnad ua.
2023-08-08 14:44:00 Vädret uppdaterat
2023-08-08 14:44:00 45146.6138948843 weatherfile.txt
2023-08-08 14:44:14 Filen: Y:\Roofstatusfile\RoofStatusFile.txt öppnad ua.
2023-08-08 14:44:15 Vädret uppdaterat
2023-08-08 14:44:15 45146.6140683449 weatherfile.txt
2023-08-08 14:44:29 Filen: Y:\Roofstatusfile\RoofStatusFile.txt öppnad ua.
2023-08-08 14:44:30 Vädret uppdaterat
2023-08-08 14:44:30 45146.6142419792 weatherfile.txt
2023-08-08 14:44:44 Filen: Y:\Roofstatusfile\RoofStatusFile.txt öppnad ua.
2023-08-08 14:44:45 Vädret uppdaterat
2023-08-08 14:44:45 45146.6144156713 weatherfile.txt
2023-08-08 14:44:49 Oriaweather avslutas.
2023-08-08 14:45:00 Oriaweather startar.
2023-08-08 14:45:00 LogLevel : 3
2023-08-08 14:45:00 Väntar på Openweather.com
2023-08-08 14:45:00 Filen: Y:\Roofstatusfile\RoofStatusFile.txt öppnad ua.
2023-08-08 14:45:01 Vädret uppdaterat
2023-08-08 14:45:01 45146.6145971296 weatherfile.txt
2023-08-08 14:45:15 Filen: Y:\Roofstatusfile\RoofStatusFile.txt öppnad ua.
2023-08-08 14:45:15 Vädret uppdaterat
2023-08-08 14:45:15 45146.6147646644 weatherfile.txt
2023-08-08 14:45:30 Filen: Y:\Roofstatusfile\RoofStatusFile.txt öppnad ua.
2023-08-08 14:45:30 Vädret uppdaterat
2023-08-08 14:45:30 45146.6149375694 weatherfile.txt
2023-08-08 14:45:45 Filen: Y:\Roofstatusfile\RoofStatusFile.txt öppnad ua.
2023-08-08 14:45:45 Vädret uppdaterat
2023-08-08 14:45:45 45146.6151111574 weatherfile.txt
2023-08-08 14:46:00 Filen: Y:\Roofstatusfile\RoofStatusFile.txt öppnad ua.
2023-08-08 14:46:00 Vädret uppdaterat
2023-08-08 14:46:00 45146.6152848611 weatherfile.txt
2023-08-08 14:47:12 Oriaweather startar.
2023-08-08 14:47:12 LogLevel : 3
2023-08-08 14:47:12 Väntar på Openweather.com
2023-08-08 14:47:12 Filen: Y:\Roofstatusfile\RoofStatusFile.txt öppnad ua.
2023-08-08 14:47:13 Vädret uppdaterat
2023-08-08 14:47:13 45146.6161285185 weatherfile.txt
2023-08-08 14:47:27 Filen: Y:\Roofstatusfile\RoofStatusFile.txt öppnad ua.
2023-08-08 14:47:28 Vädret uppdaterat
2023-08-08 14:47:28 45146.6162988542 weatherfile.txt
2023-08-08 14:47:42 Filen: Y:\Roofstatusfile\RoofStatusFile.txt öppnad ua.
2023-08-08 14:47:43 Vädret uppdaterat
2023-08-08 14:47:43 45146.6164725694 weatherfile.txt
2023-08-08 14:47:50 Oriaweather avslutas.
2023-08-08 15:05:38 Oriaweather startar.
2023-08-08 15:05:38 LogLevel : 3
2023-08-08 15:05:38 Väntar på Openweather.com
2023-08-08 15:05:39 Filen: Y:\Roofstatusfile\RoofStatusFile.txt öppnad ua.
2023-08-08 15:05:39 Booltwodfil är uppdaterat
2023-08-08 15:05:39 45146.6289302662 weatherfile.txt
2023-08-08 15:05:53 Filen: Y:\Roofstatusfile\RoofStatusFile.txt öppnad ua.
2023-08-08 15:05:54 Booltwodfil är uppdaterat
2023-08-08 15:05:54 45146.6291004051 weatherfile.txt
2023-08-08 15:06:08 Filen: Y:\Roofstatusfile\RoofStatusFile.txt öppnad ua.
2023-08-08 15:06:09 Booltwodfil är uppdaterat
2023-08-08 15:06:09 45146.6292742245 weatherfile.txt
2023-08-08 15:06:23 Oriaweather avslutas.
2023-08-08 15:06:27 Oriaweather startar.
2023-08-08 15:06:27 LogLevel : 3
2023-08-08 15:06:27 Väntar på Openweather.com
2023-08-08 15:06:47 Oriaweather avslutas.
2023-08-08 15:06:51 Oriaweather startar.
2023-08-08 15:06:51 LogLevel : 3
2023-08-08 15:06:51 Väntar på Openweather.com
2023-08-08 15:07:21 Filen: Y:\Roofstatusfile\RoofStatusFile.txt öppnad ua.
2023-08-08 15:07:22 Booltwodfil är uppdaterat
2023-08-08 15:07:22 45146.630116169 weatherfile.txt
2023-08-08 15:07:22 Oriaweather avslutas.
2023-08-08 15:07:24 Oriaweather startar.
2023-08-08 15:07:24 LogLevel : 3
2023-08-08 15:07:24 Väntar på Openweather.com
2023-08-08 15:07:24 Filen: Y:\Roofstatusfile\RoofStatusFile.txt öppnad ua.
2023-08-08 15:07:24 Booltwodfil är uppdaterat
2023-08-08 15:07:24 45146.6301490394 weatherfile.txt
2023-08-08 15:07:39 Filen: Y:\Roofstatusfile\RoofStatusFile.txt öppnad ua.
2023-08-08 15:07:39 Booltwodfil är uppdaterat
2023-08-08 15:07:39 45146.6303202778 weatherfile.txt
2023-08-08 15:07:54 Filen: Y:\Roofstatusfile\RoofStatusFile.txt öppnad ua.
2023-08-08 15:07:54 Booltwodfil är uppdaterat
2023-08-08 15:07:54 45146.6304934954 weatherfile.txt
2023-08-08 15:08:09 Filen: Y:\Roofstatusfile\RoofStatusFile.txt öppnad ua.
2023-08-08 15:08:09 Booltwodfil är uppdaterat
2023-08-08 15:08:09 45146.6306672222 weatherfile.txt
2023-08-08 15:08:24 Filen: Y:\Roofstatusfile\RoofStatusFile.txt öppnad ua.
2023-08-08 15:08:24 Booltwodfil är uppdaterat
2023-08-08 15:08:24 45146.6308406713 weatherfile.txt
2023-08-08 15:08:39 Filen: Y:\Roofstatusfile\RoofStatusFile.txt öppnad ua.
2023-08-08 15:08:39 Booltwodfil är uppdaterat
2023-08-08 15:08:39 45146.6310144097 weatherfile.txt
2023-08-08 15:08:54 Filen: Y:\Roofstatusfile\RoofStatusFile.txt öppnad ua.
2023-08-08 15:08:54 Booltwodfil är uppdaterat
2023-08-08 15:08:54 45146.6311882986 weatherfile.txt
2023-08-08 15:09:09 Filen: Y:\Roofstatusfile\RoofStatusFile.txt öppnad ua.
2023-08-08 15:09:09 Booltwodfil är uppdaterat
2023-08-08 15:09:09 45146.6313614815 weatherfile.txt
2023-08-08 15:09:24 Filen: Y:\Roofstatusfile\RoofStatusFile.txt öppnad ua.
2023-08-08 15:09:24 Booltwodfil är uppdaterat
2023-08-08 15:09:24 45146.631535463 weatherfile.txt
2023-08-08 15:09:39 Filen: Y:\Roofstatusfile\RoofStatusFile.txt öppnad ua.
2023-08-08 15:09:39 Booltwodfil är uppdaterat
2023-08-08 15:09:39 45146.6317088194 weatherfile.txt
2023-08-08 15:09:54 Filen: Y:\Roofstatusfile\RoofStatusFile.txt öppnad ua.
2023-08-08 15:09:54 Booltwodfil är uppdaterat
2023-08-08 15:09:54 45146.6318824306 weatherfile.txt
2023-08-08 15:10:09 Filen: Y:\Roofstatusfile\RoofStatusFile.txt öppnad ua.
2023-08-08 15:10:09 Booltwodfil är uppdaterat
2023-08-08 15:10:09 45146.6320560301 weatherfile.txt
2023-08-08 15:10:24 Filen: Y:\Roofstatusfile\RoofStatusFile.txt öppnad ua.
2023-08-08 15:10:24 Booltwodfil är uppdaterat
2023-08-08 15:10:24 45146.6322298727 weatherfile.txt
2023-08-08 15:10:39 Filen: Y:\Roofstatusfile\RoofStatusFile.txt öppnad ua.
2023-08-08 15:10:39 Booltwodfil är uppdaterat
2023-08-08 15:10:39 45146.632403125 weatherfile.txt
2023-08-08 15:10:54 Filen: Y:\Roofstatusfile\RoofStatusFile.txt öppnad ua.
2023-08-08 15:10:54 Booltwodfil är uppdaterat
2023-08-08 15:10:54 45146.632576875 weatherfile.txt
2023-08-08 15:11:09 Filen: Y:\Roofstatusfile\RoofStatusFile.txt öppnad ua.
2023-08-08 15:11:09 Booltwodfil är uppdaterat
2023-08-08 15:11:09 45146.6327511458 weatherfile.txt
2023-08-08 15:11:24 Filen: Y:\Roofstatusfile\RoofStatusFile.txt öppnad ua.
2023-08-08 15:11:24 Booltwodfil är uppdaterat
2023-08-08 15:11:24 45146.6329243171 weatherfile.txt
2023-08-08 15:11:39 Filen: Y:\Roofstatusfile\RoofStatusFile.txt öppnad ua.
2023-08-08 15:11:39 Booltwodfil är uppdaterat
2023-08-08 15:11:39 45146.6330980093 weatherfile.txt
2023-08-08 15:11:54 Filen: Y:\Roofstatusfile\RoofStatusFile.txt öppnad ua.
2023-08-08 15:11:54 Booltwodfil är uppdaterat
2023-08-08 15:11:54 45146.6332713773 weatherfile.txt
2023-08-08 15:12:09 Filen: Y:\Roofstatusfile\RoofStatusFile.txt öppnad ua.
2023-08-08 15:12:09 Booltwodfil är uppdaterat
2023-08-08 15:12:09 45146.6334448843 weatherfile.txt
2023-08-08 15:12:24 Filen: Y:\Roofstatusfile\RoofStatusFile.txt öppnad ua.
2023-08-08 15:12:24 Booltwodfil är uppdaterat
2023-08-08 15:12:24 45146.6336187269 weatherfile.txt
2023-08-08 15:12:39 Filen: Y:\Roofstatusfile\RoofStatusFile.txt öppnad ua.
2023-08-08 15:12:39 Booltwodfil är uppdaterat
2023-08-08 15:12:39 45146.6337924306 weatherfile.txt
2023-08-08 15:12:54 Filen: Y:\Roofstatusfile\RoofStatusFile.txt öppnad ua.
2023-08-08 15:12:54 Booltwodfil är uppdaterat
2023-08-08 15:12:54 45146.6339659143 weatherfile.txt
2023-08-08 15:13:09 Filen: Y:\Roofstatusfile\RoofStatusFile.txt öppnad ua.
2023-08-08 15:13:09 Booltwodfil är uppdaterat
2023-08-08 15:13:09 45146.6341396065 weatherfile.txt
2023-08-08 15:13:24 Filen: Y:\Roofstatusfile\RoofStatusFile.txt öppnad ua.
2023-08-08 15:13:24 Booltwodfil är uppdaterat
2023-08-08 15:13:24 45146.6343132986 weatherfile.txt
2023-08-08 15:13:39 Filen: Y:\Roofstatusfile\RoofStatusFile.txt öppnad ua.
2023-08-08 15:13:39 Booltwodfil är uppdaterat
2023-08-08 15:13:39 45146.6344866435 weatherfile.txt
2023-08-08 15:13:54 Filen: Y:\Roofstatusfile\RoofStatusFile.txt öppnad ua.
2023-08-08 15:13:54 Booltwodfil är uppdaterat
2023-08-08 15:13:54 45146.6346603241 weatherfile.txt
2023-08-08 15:14:09 Filen: Y:\Roofstatusfile\RoofStatusFile.txt öppnad ua.
2023-08-08 15:14:09 Booltwodfil är uppdaterat
2023-08-08 15:14:09 45146.634833831 weatherfile.txt
2023-08-08 15:14:24 Filen: Y:\Roofstatusfile\RoofStatusFile.txt öppnad ua.
2023-08-08 15:14:24 Booltwodfil är uppdaterat
2023-08-08 15:14:24 45146.6350073495 weatherfile.txt
2023-08-08 15:14:39 Filen: Y:\Roofstatusfile\RoofStatusFile.txt öppnad ua.
2023-08-08 15:14:39 Booltwodfil är uppdaterat
2023-08-08 15:14:39 45146.6351810532 weatherfile.txt
2023-08-08 15:14:54 Filen: Y:\Roofstatusfile\RoofStatusFile.txt öppnad ua.
2023-08-08 15:14:54 Booltwodfil är uppdaterat
2023-08-08 15:14:54 45146.6353553819 weatherfile.txt
2023-08-08 15:15:09 Filen: Y:\Roofstatusfile\RoofStatusFile.txt öppnad ua.
2023-08-08 15:15:09 Booltwodfil är uppdaterat
2023-08-08 15:15:09 45146.635528206 weatherfile.txt
2023-08-08 15:15:24 Filen: Y:\Roofstatusfile\RoofStatusFile.txt öppnad ua.
2023-08-08 15:15:24 Booltwodfil är uppdaterat
2023-08-08 15:15:24 45146.6357018056 weatherfile.txt
2023-08-08 15:15:39 Filen: Y:\Roofstatusfile\RoofStatusFile.txt öppnad ua.
2023-08-08 15:15:39 Booltwodfil är uppdaterat
2023-08-08 15:15:39 45146.6358754398 weatherfile.txt
2023-08-08 15:15:54 Filen: Y:\Roofstatusfile\RoofStatusFile.txt öppnad ua.
2023-08-08 15:15:54 Booltwodfil är uppdaterat
2023-08-08 15:15:54 45146.6360490741 weatherfile.txt
2023-08-08 15:16:09 Filen: Y:\Roofstatusfile\RoofStatusFile.txt öppnad ua.
2023-08-08 15:16:09 Booltwodfil är uppdaterat
2023-08-08 15:16:09 45146.6362226389 weatherfile.txt
2023-08-08 15:16:24 Filen: Y:\Roofstatusfile\RoofStatusFile.txt öppnad ua.
2023-08-08 15:16:24 Booltwodfil är uppdaterat
2023-08-08 15:16:24 45146.6363963773 weatherfile.txt
2023-08-08 15:16:39 Filen: Y:\Roofstatusfile\RoofStatusFile.txt öppnad ua.
2023-08-08 15:16:39 Booltwodfil är uppdaterat
2023-08-08 15:16:39 45146.6365699769 weatherfile.txt
2023-08-08 15:16:54 Filen: Y:\Roofstatusfile\RoofStatusFile.txt öppnad ua.
2023-08-08 15:16:54 Booltwodfil är uppdaterat
2023-08-08 15:16:54 45146.6367434259 weatherfile.txt
2023-08-08 15:17:09 Filen: Y:\Roofstatusfile\RoofStatusFile.txt öppnad ua.
2023-08-08 15:17:09 Booltwodfil är uppdaterat
2023-08-08 15:17:09 45146.6369172222 weatherfile.txt
2023-08-08 15:17:24 Filen: Y:\Roofstatusfile\RoofStatusFile.txt öppnad ua.
2023-08-08 15:17:24 Booltwodfil är uppdaterat
2023-08-08 15:17:24 45146.6370907986 weatherfile.txt
2023-08-08 15:17:39 Filen: Y:\Roofstatusfile\RoofStatusFile.txt öppnad ua.
2023-08-08 15:17:39 Booltwodfil är uppdaterat
2023-08-08 15:17:39 45146.6372643403 weatherfile.txt
2023-08-08 15:17:54 Filen: Y:\Roofstatusfile\RoofStatusFile.txt öppnad ua.
2023-08-08 15:17:54 Booltwodfil är uppdaterat
2023-08-08 15:17:54 45146.6374380671 weatherfile.txt
2023-08-08 15:18:09 Filen: Y:\Roofstatusfile\RoofStatusFile.txt öppnad ua.
2023-08-08 15:18:09 Booltwodfil är uppdaterat
2023-08-08 15:18:09 45146.6376116782 weatherfile.txt
2023-08-08 15:18:24 Filen: Y:\Roofstatusfile\RoofStatusFile.txt öppnad ua.
2023-08-08 15:18:24 Booltwodfil är uppdaterat
2023-08-08 15:18:24 45146.6377852546 weatherfile.txt
2023-08-08 15:18:39 Filen: Y:\Roofstatusfile\RoofStatusFile.txt öppnad ua.
2023-08-08 15:18:39 Booltwodfil är uppdaterat
2023-08-08 15:18:39 45146.6379602778 weatherfile.txt
2023-08-08 15:18:54 Filen: Y:\Roofstatusfile\RoofStatusFile.txt öppnad ua.
2023-08-08 15:18:54 Booltwodfil är uppdaterat
2023-08-08 15:18:54 45146.6381323958 weatherfile.txt
2023-08-08 15:19:09 Filen: Y:\Roofstatusfile\RoofStatusFile.txt öppnad ua.
2023-08-08 15:19:09 Booltwodfil är uppdaterat
2023-08-08 15:19:09 45146.6383060185 weatherfile.txt
2023-08-08 15:19:24 Filen: Y:\Roofstatusfile\RoofStatusFile.txt öppnad ua.
2023-08-08 15:19:24 Booltwodfil är uppdaterat
2023-08-08 15:19:24 45146.6384797569 weatherfile.txt
2023-08-08 15:19:39 Filen: Y:\Roofstatusfile\RoofStatusFile.txt öppnad ua.
2023-08-08 15:19:39 Booltwodfil är uppdaterat
2023-08-08 15:19:39 45146.6386531944 weatherfile.txt
2023-08-08 15:19:54 Filen: Y:\Roofstatusfile\RoofStatusFile.txt öppnad ua.
2023-08-08 15:19:54 Booltwodfil är uppdaterat
2023-08-08 15:19:54 45146.6388269097 weatherfile.txt
2023-08-08 15:20:09 Filen: Y:\Roofstatusfile\RoofStatusFile.txt öppnad ua.
2023-08-08 15:20:09 Booltwodfil är uppdaterat
2023-08-08 15:20:09 45146.6390004051 weatherfile.txt
2023-08-08 15:20:24 Filen: Y:\Roofstatusfile\RoofStatusFile.txt öppnad ua.
2023-08-08 15:20:24 Booltwodfil är uppdaterat
2023-08-08 15:20:24 45146.6391740741 weatherfile.txt
2023-08-08 15:20:39 Filen: Y:\Roofstatusfile\RoofStatusFile.txt öppnad ua.
2023-08-08 15:20:39 Booltwodfil är uppdaterat
2023-08-08 15:20:39 45146.639347662 weatherfile.txt
2023-08-08 15:20:54 Filen: Y:\Roofstatusfile\RoofStatusFile.txt öppnad ua.
2023-08-08 15:20:54 Booltwodfil är uppdaterat
2023-08-08 15:20:54 45146.6395212616 weatherfile.txt
2023-08-08 15:21:09 Filen: Y:\Roofstatusfile\RoofStatusFile.txt öppnad ua.
2023-08-08 15:21:09 Booltwodfil är uppdaterat
2023-08-08 15:21:09 45146.6396948727 weatherfile.txt
2023-08-08 15:21:24 Filen: Y:\Roofstatusfile\RoofStatusFile.txt öppnad ua.
2023-08-08 15:21:24 Booltwodfil är uppdaterat
2023-08-08 15:21:24 45146.6398684259 weatherfile.txt
2023-08-08 15:21:39 Filen: Y:\Roofstatusfile\RoofStatusFile.txt öppnad ua.
2023-08-08 15:21:39 Booltwodfil är uppdaterat
2023-08-08 15:21:39 45146.6400422222 weatherfile.txt
2023-08-08 15:21:54 Filen: Y:\Roofstatusfile\RoofStatusFile.txt öppnad ua.
2023-08-08 15:21:54 Booltwodfil är uppdaterat
2023-08-08 15:21:54 45146.6402157755 weatherfile.txt
2023-08-08 15:22:09 Filen: Y:\Roofstatusfile\RoofStatusFile.txt öppnad ua.
2023-08-08 15:22:09 Booltwodfil är uppdaterat
2023-08-08 15:22:09 45146.6403895718 weatherfile.txt
2023-08-08 15:22:24 Filen: Y:\Roofstatusfile\RoofStatusFile.txt öppnad ua.
2023-08-08 15:22:24 Booltwodfil är uppdaterat
2023-08-08 15:22:24 45146.6405640162 weatherfile.txt
2023-08-08 15:22:39 Filen: Y:\Roofstatusfile\RoofStatusFile.txt öppnad ua.
2023-08-08 15:22:39 Booltwodfil är uppdaterat
2023-08-08 15:22:39 45146.640736875 weatherfile.txt
2023-08-08 15:22:54 Filen: Y:\Roofstatusfile\RoofStatusFile.txt öppnad ua.
2023-08-08 15:22:54 Booltwodfil är uppdaterat
2023-08-08 15:22:54 45146.6409104977 weatherfile.txt
2023-08-08 15:23:09 Filen: Y:\Roofstatusfile\RoofStatusFile.txt öppnad ua.
2023-08-08 15:23:09 Booltwodfil är uppdaterat
2023-08-08 15:23:09 45146.6410838426 weatherfile.txt
2023-08-08 15:23:24 Filen: Y:\Roofstatusfile\RoofStatusFile.txt öppnad ua.
2023-08-08 15:23:24 Booltwodfil är uppdaterat
2023-08-08 15:23:24 45146.6412576736 weatherfile.txt
2023-08-08 15:23:39 Filen: Y:\Roofstatusfile\RoofStatusFile.txt öppnad ua.
2023-08-08 15:23:39 Booltwodfil är uppdaterat
2023-08-08 15:23:39 45146.641431412 weatherfile.txt
2023-08-08 15:23:54 Filen: Y:\Roofstatusfile\RoofStatusFile.txt öppnad ua.
2023-08-08 15:23:54 Booltwodfil är uppdaterat
2023-08-08 15:23:54 45146.6416046181 weatherfile.txt
2023-08-08 15:24:09 Filen: Y:\Roofstatusfile\RoofStatusFile.txt öppnad ua.
2023-08-08 15:24:09 Booltwodfil är uppdaterat
2023-08-08 15:24:09 45146.6417782407 weatherfile.txt
2023-08-08 15:24:24 Filen: Y:\Roofstatusfile\RoofStatusFile.txt öppnad ua.
2023-08-08 15:24:24 Booltwodfil är uppdaterat
2023-08-08 15:24:24 45146.6419518634 weatherfile.txt
2023-08-08 15:24:39 Filen: Y:\Roofstatusfile\RoofStatusFile.txt öppnad ua.
2023-08-08 15:24:39 Booltwodfil är uppdaterat
2023-08-08 15:24:39 45146.6421253704 weatherfile.txt
2023-08-08 15:24:54 Filen: Y:\Roofstatusfile\RoofStatusFile.txt öppnad ua.
2023-08-08 15:24:54 Booltwodfil är uppdaterat
2023-08-08 15:24:54 45146.6422991551 weatherfile.txt
2023-08-08 15:25:09 Filen: Y:\Roofstatusfile\RoofStatusFile.txt öppnad ua.
2023-08-08 15:25:09 Booltwodfil är uppdaterat
2023-08-08 15:25:09 45146.6424725231 weatherfile.txt
2023-08-08 15:25:24 Filen: Y:\Roofstatusfile\RoofStatusFile.txt öppnad ua.
2023-08-08 15:25:24 Booltwodfil är uppdaterat
2023-08-08 15:25:24 45146.6426465046 weatherfile.txt
2023-08-08 15:25:39 Filen: Y:\Roofstatusfile\RoofStatusFile.txt öppnad ua.
2023-08-08 15:25:39 Booltwodfil är uppdaterat
2023-08-08 15:25:39 45146.6428201968 weatherfile.txt
2023-08-08 15:25:54 Filen: Y:\Roofstatusfile\RoofStatusFile.txt öppnad ua.
2023-08-08 15:25:54 Booltwodfil är uppdaterat
2023-08-08 15:25:54 45146.6429935069 weatherfile.txt
2023-08-08 15:26:09 Filen: Y:\Roofstatusfile\RoofStatusFile.txt öppnad ua.
2023-08-08 15:26:09 Booltwodfil är uppdaterat
2023-08-08 15:26:09 45146.6431680093 weatherfile.txt
2023-08-08 15:26:24 Filen: Y:\Roofstatusfile\RoofStatusFile.txt öppnad ua.
2023-08-08 15:26:24 Booltwodfil är uppdaterat
2023-08-08 15:26:24 45146.6433409722 weatherfile.txt
2023-08-08 15:26:39 Filen: Y:\Roofstatusfile\RoofStatusFile.txt öppnad ua.
2023-08-08 15:26:39 Booltwodfil är uppdaterat
2023-08-08 15:26:39 45146.6435145602 weatherfile.txt
2023-08-08 15:26:54 Filen: Y:\Roofstatusfile\RoofStatusFile.txt öppnad ua.
2023-08-08 15:26:54 Booltwodfil är uppdaterat
2023-08-08 15:26:54 45146.6436878125 weatherfile.txt
2023-08-08 15:27:09 Filen: Y:\Roofstatusfile\RoofStatusFile.txt öppnad ua.
2023-08-08 15:27:09 Booltwodfil är uppdaterat
2023-08-08 15:27:09 45146.6438616319 weatherfile.txt
2023-08-08 15:27:24 Filen: Y:\Roofstatusfile\RoofStatusFile.txt öppnad ua.
2023-08-08 15:27:24 Booltwodfil är uppdaterat
2023-08-08 15:27:24 45146.6440353704 weatherfile.txt
2023-08-08 15:27:39 Filen: Y:\Roofstatusfile\RoofStatusFile.txt öppnad ua.
2023-08-08 15:27:39 Booltwodfil är uppdaterat
2023-08-08 15:27:39 45146.64420875 weatherfile.txt
2023-08-08 15:27:54 Filen: Y:\Roofstatusfile\RoofStatusFile.txt öppnad ua.
2023-08-08 15:27:54 Booltwodfil är uppdaterat
2023-08-08 15:27:54 45146.6443823843 weatherfile.txt
2023-08-08 15:28:09 Filen: Y:\Roofstatusfile\RoofStatusFile.txt öppnad ua.
2023-08-08 15:28:09 Booltwodfil är uppdaterat
2023-08-08 15:28:09 45146.6445559375 weatherfile.txt
2023-08-08 15:28:24 Filen: Y:\Roofstatusfile\RoofStatusFile.txt öppnad ua.
2023-08-08 15:28:24 Booltwodfil är uppdaterat
2023-08-08 15:28:24 45146.6447301852 weatherfile.txt
2023-08-08 15:28:39 Filen: Y:\Roofstatusfile\RoofStatusFile.txt öppnad ua.
2023-08-08 15:28:39 Booltwodfil är uppdaterat
2023-08-08 15:28:39 45146.6449033912 weatherfile.txt
2023-08-08 15:28:54 Filen: Y:\Roofstatusfile\RoofStatusFile.txt öppnad ua.
2023-08-08 15:28:54 Booltwodfil är uppdaterat
2023-08-08 15:28:54 45146.645077037 weatherfile.txt
2023-08-08 15:29:09 Filen: Y:\Roofstatusfile\RoofStatusFile.txt öppnad ua.
2023-08-08 15:29:09 Booltwodfil är uppdaterat
2023-08-08 15:29:09 45146.6452503356 weatherfile.txt
2023-08-08 15:29:24 Filen: Y:\Roofstatusfile\RoofStatusFile.txt öppnad ua.
2023-08-08 15:29:24 Booltwodfil är uppdaterat
2023-08-08 15:29:24 45146.6454242708 weatherfile.txt
2023-08-08 15:29:39 Filen: Y:\Roofstatusfile\RoofStatusFile.txt öppnad ua.
2023-08-08 15:29:39 Booltwodfil är uppdaterat
2023-08-08 15:29:39 45146.6455977431 weatherfile.txt
2023-08-08 15:29:54 Filen: Y:\Roofstatusfile\RoofStatusFile.txt öppnad ua.
2023-08-08 15:29:54 Booltwodfil är uppdaterat
2023-08-08 15:29:54 45146.6457730093 weatherfile.txt
2023-08-08 15:30:09 Filen: Y:\Roofstatusfile\RoofStatusFile.txt öppnad ua.
2023-08-08 15:30:09 Booltwodfil är uppdaterat
2023-08-08 15:30:09 45146.6459451157 weatherfile.txt
2023-08-08 15:30:24 Filen: Y:\Roofstatusfile\RoofStatusFile.txt öppnad ua.
2023-08-08 15:30:24 Booltwodfil är uppdaterat
2023-08-08 15:30:24 45146.6461185185 weatherfile.txt
2023-08-08 15:30:32 Oriaweather avslutas.
2023-08-08 16:03:20 Oriaweather startar.
2023-08-08 16:03:20 LogLevel : 3
2023-08-08 16:03:20 Väntar på Openweather.com
2023-08-08 16:03:21 Filen: Y:\Roofstatusfile\RoofStatusFile.txt öppnad ua.
2023-08-08 16:03:21 Booltwodfil är uppdaterat
2023-08-08 16:03:21 45146.6690016898 weatherfile.txt
2023-08-08 16:03:35 Filen: Y:\Roofstatusfile\RoofStatusFile.txt öppnad ua.
2023-08-08 16:03:36 Booltwodfil är uppdaterat
2023-08-08 16:03:36 45146.6691693171 weatherfile.txt
2023-08-08 16:03:41 Oriaweather avslutas.
2023-08-08 16:06:13 Oriaweather startar.
2023-08-08 16:06:13 LogLevel : 3
2023-08-08 16:06:13 Väntar på Openweather.com
2023-08-08 16:06:14 Filen: Y:\Roofstatusfile\RoofStatusFile.txt öppnad ua.
2023-08-08 16:06:14 Booltwodfil är uppdaterat
2023-08-08 16:06:14 45146.6710022454 weatherfile.txt
2023-08-08 16:06:28 Filen: Y:\Roofstatusfile\RoofStatusFile.txt öppnad ua.
2023-08-08 16:06:29 Booltwodfil är uppdaterat
2023-08-08 16:06:29 45146.6711726852 weatherfile.txt
2023-08-08 16:06:31 Oriaweather avslutas.
2023-08-08 16:06:56 Oriaweather startar.
2023-08-08 16:06:56 LogLevel : 3
2023-08-08 16:06:56 Väntar på Openweather.com
2023-08-08 16:06:56 Filen: Y:\Roofstatusfile\RoofStatusFile.txt öppnad ua.
2023-08-08 16:06:57 Booltwodfil är uppdaterat
2023-08-08 16:06:57 45146.6714973727 weatherfile.txt
2023-08-08 16:07:11 Filen: Y:\Roofstatusfile\RoofStatusFile.txt öppnad ua.
2023-08-08 16:07:12 Booltwodfil är uppdaterat
2023-08-08 16:07:12 45146.6716680787 weatherfile.txt
2023-08-08 16:07:13 Oriaweather avslutas.
2023-08-08 16:15:08 Oriaweather startar.
2023-08-08 16:15:08 LogLevel : 3
2023-08-08 16:15:08 Väntar på Openweather.com
2023-08-08 16:15:08 Filen: Y:\Roofstatusfile\RoofStatusFile.txt öppnad ua.
2023-08-08 16:15:09 Booltwodfil är uppdaterat
2023-08-08 16:15:09 45146.6771917014 weatherfile.txt
2023-08-08 16:15:23 Filen: Y:\Roofstatusfile\RoofStatusFile.txt öppnad ua.
2023-08-08 16:15:23 Booltwodfil är uppdaterat
2023-08-08 16:15:23 45146.6773610532 weatherfile.txt
2023-08-08 16:15:37 Oriaweather avslutas.
2023-08-08 16:16:42 Oriaweather startar.
2023-08-08 16:16:42 LogLevel : 3
2023-08-08 16:16:42 Väntar på Openweather.com
2023-08-08 16:16:42 Filen: Y:\Roofstatusfile\RoofStatusFile.txt öppnad ua.
2023-08-08 16:16:43 Booltwodfil är uppdaterat
2023-08-08 16:16:43 45146.6782793519 weatherfile.txt
2023-08-08 16:16:57 Filen: Y:\Roofstatusfile\RoofStatusFile.txt öppnad ua.
2023-08-08 16:16:58 Booltwodfil är uppdaterat
2023-08-08 16:16:58 45146.6784498727 weatherfile.txt
2023-08-08 16:16:59 Oriaweather avslutas.
2023-12-12 00:24:23 Oriaweather startar.
2023-12-12 00:24:23 LogLevel : 3
2023-12-12 00:24:23 Väntar på Openweather.com
2023-12-12 00:24:23 File: Y:\Roofstatusfile\RoofStatusFile.txt not found
2023-12-12 00:24:23 Filen: Y:\Roofstatusfile\RoofStatusFile.txt kan inte öppnas.
2023-12-12 00:24:23 Booltwodfil är uppdaterat
2023-12-12 00:24:24 45272.016944919 weatherfile.txt
2023-12-12 00:25:38 Oriaweather startar.
2023-12-12 00:25:38 LogLevel : 3
2023-12-12 00:25:38 Väntar på Openweather.com
2023-12-12 00:25:39 Filen: V:\Oria\Väder\Oriaweather\Oriaweather\Weatherfile\RoofStatusFile.txt öppnad ua.
2023-12-12 00:25:39 Booltwodfil är uppdaterat
2023-12-12 00:25:39 45272.0178231597 weatherfile.txt
2023-12-12 00:25:53 Väntar på Openweather.com
2023-12-12 00:25:53 Filen: V:\Oria\Väder\Oriaweather\Oriaweather\Weatherfile\RoofStatusFile.txt öppnad ua.
2023-12-12 00:25:54 Booltwodfil är uppdaterat
2023-12-12 00:25:54 45272.0179928588 weatherfile.txt
2023-12-12 00:25:54 Filen: V:\Oria\Väder\Oriaweather\Oriaweather\Weatherfile\RoofStatusFile.txt öppnad ua.
2023-12-12 00:25:55 Booltwodfil är uppdaterat
2023-12-12 00:25:55 45272.0180009606 weatherfile.txt
2023-12-12 00:26:00 Väntar på Openweather.com
2023-12-12 00:26:00 Filen: V:\Oria\Väder\Oriaweather\Oriaweather\Weatherfile\RoofStatusFile.txt öppnad ua.
2023-12-12 00:26:01 Booltwodfil är uppdaterat
2023-12-12 00:26:01 45272.0180681944 weatherfile.txt
2023-12-12 00:26:08 Filen: V:\Oria\Väder\Oriaweather\Oriaweather\Weatherfile\RoofStatusFile.txt öppnad ua.
2023-12-12 00:26:09 Booltwodfil är uppdaterat
2023-12-12 00:26:09 45272.0181651157 weatherfile.txt
2023-12-12 00:26:10 Väntar på Openweather.com
2023-12-12 00:26:10 Filen: V:\Oria\Väder\Oriaweather\Oriaweather\Weatherfile\RoofStatusFile.txt öppnad ua.
2023-12-12 00:26:11 Booltwodfil är uppdaterat
2023-12-12 00:26:11 45272.0181843287 weatherfile.txt
2023-12-12 00:26:24 Oriaweather avslutas.
2023-12-12 00:26:31 Oriaweather startar.
2023-12-12 00:26:31 LogLevel : 3
2023-12-12 00:26:31 Väntar på Openweather.com
2023-12-12 00:26:31 Filen: V:\Oria\Väder\Oriaweather\Oriaweather\Weatherfile\RoofStatusFile.txt öppnad ua.
2023-12-12 00:26:32 Booltwodfil är uppdaterat
2023-12-12 00:26:32 45272.0184311806 weatherfile.txt
2023-12-12 00:26:46 Filen: V:\Oria\Väder\Oriaweather\Oriaweather\Weatherfile\RoofStatusFile.txt öppnad ua.
2023-12-12 00:26:46 Booltwodfil är uppdaterat
2023-12-12 00:26:47 45272.0186000463 weatherfile.txt
2023-12-12 00:26:47 Oriaweather avslutas.
2023-12-12 00:28:28 Oriaweather startar.
2023-12-12 00:28:28 LogLevel : 3
2023-12-12 00:28:28 Väntar på Openweather.com
2023-12-12 00:28:28 Filen: V:\Oria\Väder\Oriaweather\Oriaweather\Weatherfile\RoofStatusFile.txt öppnad ua.
2023-12-12 00:28:29 Booltwodfil är uppdaterat
2023-12-12 00:28:29 45272.0197820255 weatherfile.txt
2023-12-12 00:28:39 Oriaweather avslutas.
2023-12-12 00:28:47 Oriaweather startar.
2023-12-12 00:28:47 LogLevel : 3
2023-12-12 00:28:47 Väntar på Openweather.com
2023-12-12 00:28:47 Filen: V:\Oria\Väder\Oriaweather\Oriaweather\Weatherfile\RoofStatusFile.txt öppnad ua.
2023-12-12 00:28:48 Booltwodfil är uppdaterat
2023-12-12 00:28:48 45272.0200041667 weatherfile.txt
2023-12-12 00:28:49 Oriaweather avslutas.
2023-12-12 00:29:18 Oriaweather startar.
2023-12-12 00:29:18 LogLevel : 3
2023-12-12 00:29:18 Väntar på Openweather.com
2023-12-12 00:29:19 Filen: V:\Oria\Väder\Oriaweather\Oriaweather\Weatherfile\RoofStatusFile.txt öppnad ua.
2023-12-12 00:29:19 Booltwodfil är uppdaterat
2023-12-12 00:29:19 45272.0203688194 weatherfile.txt
2023-12-12 00:29:32 Oriaweather avslutas.
2023-12-12 00:29:51 Oriaweather startar.
2023-12-12 00:29:51 LogLevel : 3
2023-12-12 00:29:51 Väntar på Openweather.com
2023-12-12 00:29:51 Filen: V:\Oria\Väder\Oriaweather\Oriaweather\Weatherfile\RoofStatusFile.txt öppnad ua.
2023-12-12 00:29:52 Booltwodfil är uppdaterat
2023-12-12 00:29:52 45272.0207421296 weatherfile.txt
2023-12-12 00:30:01 Oriaweather avslutas.
2023-12-12 00:30:14 Oriaweather startar.
2023-12-12 00:30:14 LogLevel : 3
2023-12-12 00:30:14 Väntar på Openweather.com
2023-12-12 00:30:14 Filen: V:\Oria\Väder\Oriaweather\Oriaweather\Weatherfile\RoofStatusFile.txt öppnad ua.
2023-12-12 00:30:15 Booltwodfil är uppdaterat
2023-12-12 00:30:15 45272.0210115856 weatherfile.txt
2023-12-12 00:30:21 Oriaweather avslutas.
2023-12-12 00:30:35 Oriaweather startar.
2023-12-12 00:30:35 LogLevel : 3
2023-12-12 00:30:35 Väntar på Openweather.com
2023-12-12 00:30:36 Filen: V:\Oria\Väder\Oriaweather\Oriaweather\Weatherfile\RoofStatusFile.txt öppnad ua.
2023-12-12 00:30:36 Booltwodfil är uppdaterat
2023-12-12 00:30:36 45272.0212594676 weatherfile.txt
2023-12-12 00:30:44 Oriaweather avslutas.
2023-12-12 00:31:41 Oriaweather startar.
2023-12-12 00:31:41 LogLevel : 3
2023-12-12 00:31:41 Väntar på Openweather.com
2023-12-12 00:31:41 Filen: V:\Oria\Väder\Oriaweather\Oriaweather\Weatherfile\RoofStatusFile.txt öppnad ua.
2023-12-12 00:31:42 Booltwodfil är uppdaterat
2023-12-12 00:31:42 45272.0220154051 weatherfile.txt
2023-12-12 00:31:56 Filen: V:\Oria\Väder\Oriaweather\Oriaweather\Weatherfile\RoofStatusFile.txt öppnad ua.
2023-12-12 00:31:56 Booltwodfil är uppdaterat
2023-12-12 00:31:56 45272.0221836921 weatherfile.txt
2023-12-12 00:32:11 Filen: V:\Oria\Väder\Oriaweather\Oriaweather\Weatherfile\RoofStatusFile.txt öppnad ua.
2023-12-12 00:32:11 Booltwodfil är uppdaterat
2023-12-12 00:32:11 45272.0223568981 weatherfile.txt
2023-12-12 00:32:24 Väntar på Openweather.com
2023-12-12 00:32:24 Filen: V:\Oria\Väder\Oriaweather\Oriaweather\Weatherfile\RoofStatusFile.txt öppnad ua.
2023-12-12 00:32:24 Booltwodfil är uppdaterat
2023-12-12 00:32:24 45272.0225097569 weatherfile.txt
2023-12-12 00:32:26 Filen: V:\Oria\Väder\Oriaweather\Oriaweather\Weatherfile\RoofStatusFile.txt öppnad ua.
2023-12-12 00:32:26 Booltwodfil är uppdaterat
2023-12-12 00:32:26 45272.0225308681 weatherfile.txt
2023-12-12 00:32:37 Väntar på Openweather.com
2023-12-12 00:32:37 Filen: V:\Oria\Väder\Oriaweather\Oriaweather\Weatherfile\RoofStatusFile.txt öppnad ua.
2023-12-12 00:32:38 Booltwodfil är uppdaterat
2023-12-12 00:32:38 45272.0226653704 weatherfile.txt
2023-12-12 00:32:41 Filen: V:\Oria\Väder\Oriaweather\Oriaweather\Weatherfile\RoofStatusFile.txt öppnad ua.
2023-12-12 00:32:41 Booltwodfil är uppdaterat
2023-12-12 00:32:41 45272.0227045023 weatherfile.txt
2023-12-12 00:32:56 Filen: V:\Oria\Väder\Oriaweather\Oriaweather\Weatherfile\RoofStatusFile.txt öppnad ua.
2023-12-12 00:32:56 Booltwodfil är uppdaterat
2023-12-12 00:32:56 45272.0228774074 weatherfile.txt
2023-12-12 00:33:11 Filen: V:\Oria\Väder\Oriaweather\Oriaweather\Weatherfile\RoofStatusFile.txt öppnad ua.
2023-12-12 00:33:11 Booltwodfil är uppdaterat
2023-12-12 00:33:11 45272.023051713 weatherfile.txt
2023-12-12 00:33:26 Filen: V:\Oria\Väder\Oriaweather\Oriaweather\Weatherfile\RoofStatusFile.txt öppnad ua.
2023-12-12 00:33:26 Booltwodfil är uppdaterat
2023-12-12 00:33:26 45272.0232252778 weatherfile.txt
2023-12-12 00:33:27 Oriaweather avslutas.
2023-12-12 00:33:40 Oriaweather startar.
2023-12-12 00:33:40 LogLevel : 3
2023-12-12 00:33:40 Väntar på Openweather.com
2023-12-12 00:33:40 Filen: V:\Oria\Väder\Oriaweather\Oriaweather\Weatherfile\RoofStatusFile.txt öppnad ua.
2023-12-12 00:33:41 Booltwodfil är uppdaterat
2023-12-12 00:33:41 45272.0233966898 weatherfile.txt
2023-12-12 00:33:46 Oriaweather avslutas.
2023-12-12 00:34:03 Oriaweather startar.
2023-12-12 00:34:03 LogLevel : 3
2023-12-12 00:34:03 Väntar på Openweather.com
2023-12-12 00:34:04 Filen: V:\Oria\Väder\Oriaweather\Oriaweather\Weatherfile\RoofStatusFile.txt öppnad ua.
2023-12-12 00:34:04 Booltwodfil är uppdaterat
2023-12-12 00:34:04 45272.0236686111 weatherfile.txt
2023-12-12 00:34:07 Oriaweather avslutas.
2023-12-12 00:34:19 Oriaweather startar.
2023-12-12 00:34:19 LogLevel : 3
2023-12-12 00:34:19 Väntar på Openweather.com
2023-12-12 00:34:19 Filen: V:\Oria\Väder\Oriaweather\Oriaweather\Weatherfile\RoofStatusFile.txt öppnad ua.
2023-12-12 00:34:20 Booltwodfil är uppdaterat
2023-12-12 00:34:20 45272.0238460417 weatherfile.txt
2023-12-12 00:34:22 Oriaweather avslutas.
2023-12-12 00:34:38 Oriaweather startar.
2023-12-12 00:34:38 LogLevel : 3
2023-12-12 00:34:38 Väntar på Openweather.com
2023-12-12 00:34:38 Filen: V:\Oria\Väder\Oriaweather\Oriaweather\Weatherfile\RoofStatusFile.txt öppnad ua.
2023-12-12 00:34:39 Booltwodfil är uppdaterat
2023-12-12 00:34:39 45272.0240689352 weatherfile.txt
2023-12-12 00:34:48 Oriaweather avslutas.
2023-12-12 00:35:00 Oriaweather startar.
2023-12-12 00:35:00 LogLevel : 3
2023-12-12 00:35:00 Väntar på Openweather.com
2023-12-12 00:35:00 Filen: V:\Oria\Väder\Oriaweather\Oriaweather\Weatherfile\RoofStatusFile.txt öppnad ua.
2023-12-12 00:35:01 Booltwodfil är uppdaterat
2023-12-12 00:35:01 45272.0243240278 weatherfile.txt
2023-12-12 00:35:15 Filen: V:\Oria\Väder\Oriaweather\Oriaweather\Weatherfile\RoofStatusFile.txt öppnad ua.
2023-12-12 00:35:16 Booltwodfil är uppdaterat
2023-12-12 00:35:16 45272.0244926273 weatherfile.txt
2023-12-12 00:35:23 Oriaweather avslutas.
2023-12-12 00:35:39 Oriaweather startar.
2023-12-12 00:35:39 LogLevel : 3
2023-12-12 00:35:39 Väntar på Openweather.com
2023-12-12 00:35:40 Filen: V:\Oria\Väder\Oriaweather\Oriaweather\Weatherfile\RoofStatusFile.txt öppnad ua.
2023-12-12 00:35:40 Booltwodfil är uppdaterat
2023-12-12 00:35:40 45272.0247760301 weatherfile.txt
2023-12-12 00:35:43 Oriaweather avslutas.
2023-12-12 00:35:54 Oriaweather startar.
2023-12-12 00:35:54 LogLevel : 3
2023-12-12 00:35:54 Väntar på Openweather.com
2023-12-12 00:35:55 Filen: V:\Oria\Väder\Oriaweather\Oriaweather\Weatherfile\RoofStatusFile.txt öppnad ua.
2023-12-12 00:35:55 Booltwodfil är uppdaterat
2023-12-12 00:35:55 45272.0249522569 weatherfile.txt
2023-12-12 00:36:00 Oriaweather avslutas.
2023-12-12 00:36:45 Oriaweather startar.
2023-12-12 00:36:45 LogLevel : 3
2023-12-12 00:36:45 Väntar på Openweather.com
2023-12-12 00:36:46 Filen: V:\Oria\Väder\Oriaweather\Oriaweather\Weatherfile\RoofStatusFile.txt öppnad ua.
2023-12-12 00:36:46 Booltwodfil är uppdaterat
2023-12-12 00:36:46 45272.0255406366 weatherfile.txt
2023-12-12 00:37:00 Filen: V:\Oria\Väder\Oriaweather\Oriaweather\Weatherfile\RoofStatusFile.txt öppnad ua.
2023-12-12 00:37:01 Booltwodfil är uppdaterat
2023-12-12 00:37:01 45272.0257093981 weatherfile.txt
2023-12-12 00:37:14 Oriaweather avslutas.
2023-12-12 00:37:58 Oriaweather startar.
2023-12-12 00:37:58 LogLevel : 3
2023-12-12 00:37:58 Väntar på Openweather.com
2023-12-12 00:37:58 Filen: V:\Oria\Väder\Oriaweather\Oriaweather\Weatherfile\RoofStatusFile.txt öppnad ua.
2023-12-12 00:37:59 Booltwodfil är uppdaterat
2023-12-12 00:37:59 45272.0263842014 weatherfile.txt
2023-12-12 00:38:10 Oriaweather avslutas.
2023-12-12 00:38:57 Oriaweather startar.
2023-12-12 00:38:57 LogLevel : 3
2023-12-12 00:38:57 Väntar på Openweather.com
2023-12-12 00:38:57 Filen: V:\Oria\Väder\Oriaweather\Oriaweather\Weatherfile\RoofStatusFile.txt öppnad ua.
2023-12-12 00:38:58 Booltwodfil är uppdaterat
2023-12-12 00:38:58 45272.0270657986 weatherfile.txt
2023-12-12 00:39:12 Filen: V:\Oria\Väder\Oriaweather\Oriaweather\Weatherfile\RoofStatusFile.txt öppnad ua.
2023-12-12 00:39:12 Booltwodfil är uppdaterat
2023-12-12 00:39:13 45272.0272343056 weatherfile.txt
2023-12-12 00:39:19 Oriaweather avslutas.
2023-12-12 00:40:41 Oriaweather startar.
2023-12-12 00:40:41 LogLevel : 3
2023-12-12 00:40:41 Väntar på Openweather.com
2023-12-12 00:40:41 Filen: V:\Oria\Väder\Oriaweather\Oriaweather\Weatherfile\RoofStatusFile.txt öppnad ua.
2023-12-12 00:40:42 Booltwodfil är uppdaterat
2023-12-12 00:40:42 45272.0282666898 weatherfile.txt
2023-12-12 00:40:55 Oriaweather avslutas.
