2023-08-08 14:58:49 Oriaweather startar.
2023-08-08 14:58:49 LogLevel : 1
2023-08-08 14:58:49 Väntar på Openweather.com
2023-08-08 14:58:49 Vädret uppdaterat
2023-08-08 14:59:19 Vädret uppdaterat
2023-08-08 14:59:29 Oriaweather avslutas.
2023-08-08 16:17:52 Oriaweather startar.
2023-08-08 16:17:52 LogLevel : 1
2023-08-08 16:17:52 Väntar på Openweather.com
2023-08-08 16:18:06 Oriaweather avslutas.
2023-08-08 16:18:25 Oriaweather startar.
2023-08-08 16:18:25 LogLevel : 1
2023-08-08 16:18:25 Väntar på Openweather.com
2023-08-08 16:18:32 Oriaweather avslutas.
2023-08-08 16:22:15 Oriaweather startar.
2023-08-08 16:22:15 LogLevel : 1
2023-08-08 16:22:15 Väntar på Openweather.com
2023-08-08 16:22:37 File: Y:\Roofstatusfile\RoofStatusFile.txt not found
2023-08-08 16:22:37 Filen: Y:\Roofstatusfile\RoofStatusFile.txt kan inte öppnas.
2023-08-08 16:22:45 File: Y:\Roofstatusfile\RoofStatusFile.txt not found
2023-08-08 16:22:45 Filen: Y:\Roofstatusfile\RoofStatusFile.txt kan inte öppnas.
2023-08-08 16:22:47 Oriaweather avslutas.
2023-08-08 18:00:19 Oriaweather startar.
2023-08-08 18:00:19 LogLevel : 1
2023-08-08 18:00:19 Väntar på Openweather.com
2023-08-08 18:00:29 Oriaweather avslutas.
2023-08-08 18:30:57 Oriaweather startar.
2023-08-08 18:30:57 LogLevel : 1
2023-08-08 18:30:57 Väntar på Openweather.com
2023-08-08 18:31:18 File: Y:\Roofstatusfile\RoofStatusFile.txt not found
2023-08-08 18:31:18 Filen: Y:\Roofstatusfile\RoofStatusFile.txt kan inte öppnas.
2023-08-08 18:31:27 File: Y:\Roofstatusfile\RoofStatusFile.txt not found
2023-08-08 18:31:27 Filen: Y:\Roofstatusfile\RoofStatusFile.txt kan inte öppnas.
2023-08-09 13:30:54 Oriaweather startar.
2023-08-09 13:30:54 LogLevel : 1
2023-08-09 13:30:55 Väntar på Openweather.com
2023-08-09 13:30:55 File: E:\Onedrive\Astronomi\Utveckling\Väder\Oriaweather\Weatherfile\RoofStatusFile.txt not found
2023-08-09 13:30:58 Filen: E:\Onedrive\Astronomi\Utveckling\Väder\Oriaweather\Weatherfile\RoofStatusFile.txt kan inte öppnas.
2023-08-09 13:31:24 File: E:\Onedrive\Astronomi\Utveckling\Väder\Oriaweather\Weatherfile\RoofStatusFile.txt not found
